mode: set
lami/app/features/users/business/usecase.go:18.57,22.2 1 1
lami/app/features/users/business/usecase.go:24.77,27.2 2 1
lami/app/features/users/business/usecase.go:29.71,31.143 1 1
lami/app/features/users/business/usecase.go:35.2,36.27 2 1
lami/app/features/users/business/usecase.go:40.2,41.26 2 1
lami/app/features/users/business/usecase.go:45.2,54.16 7 1
lami/app/features/users/business/usecase.go:57.2,57.12 1 1
lami/app/features/users/business/usecase.go:31.143,33.3 1 1
lami/app/features/users/business/usecase.go:36.27,38.3 1 1
lami/app/features/users/business/usecase.go:41.26,43.3 1 1
lami/app/features/users/business/usecase.go:54.16,56.3 1 1
lami/app/features/users/business/usecase.go:60.55,62.16 2 1
lami/app/features/users/business/usecase.go:65.2,65.12 1 1
lami/app/features/users/business/usecase.go:62.16,64.3 1 1
lami/app/features/users/business/usecase.go:68.132,71.47 2 1
lami/app/features/users/business/usecase.go:78.2,78.25 1 1
lami/app/features/users/business/usecase.go:85.2,85.28 1 1
lami/app/features/users/business/usecase.go:91.2,91.21 1 1
lami/app/features/users/business/usecase.go:100.2,101.16 2 1
lami/app/features/users/business/usecase.go:104.2,104.12 1 1
lami/app/features/users/business/usecase.go:71.47,73.27 2 1
lami/app/features/users/business/usecase.go:76.3,76.36 1 1
lami/app/features/users/business/usecase.go:73.27,75.4 1 1
lami/app/features/users/business/usecase.go:78.25,80.28 2 1
lami/app/features/users/business/usecase.go:83.3,83.38 1 1
lami/app/features/users/business/usecase.go:80.28,82.4 1 1
lami/app/features/users/business/usecase.go:85.28,89.3 2 1
lami/app/features/users/business/usecase.go:91.21,93.21 2 1
lami/app/features/users/business/usecase.go:97.3,97.32 1 1
lami/app/features/users/business/usecase.go:93.21,95.4 1 1
lami/app/features/users/business/usecase.go:101.16,103.3 1 1
lami/app/features/users/business/usecase.go:107.130,108.141 1 1
lami/app/features/users/business/usecase.go:112.2,113.21 2 1
lami/app/features/users/business/usecase.go:117.2,118.20 2 1
lami/app/features/users/business/usecase.go:122.2,123.21 2 1
lami/app/features/users/business/usecase.go:127.2,128.20 2 1
lami/app/features/users/business/usecase.go:131.2,135.16 4 1
lami/app/features/users/business/usecase.go:140.2,140.12 1 1
lami/app/features/users/business/usecase.go:108.141,110.3 1 1
lami/app/features/users/business/usecase.go:113.21,115.3 1 1
lami/app/features/users/business/usecase.go:118.20,120.3 1 1
lami/app/features/users/business/usecase.go:123.21,125.3 1 1
lami/app/features/users/business/usecase.go:128.20,130.3 1 1
lami/app/features/users/business/usecase.go:135.16,137.3 1 1
lami/app/features/users/business/usecase.go:142.70,144.25 2 1
lami/app/features/users/business/usecase.go:149.2,150.16 2 1
lami/app/features/users/business/usecase.go:153.2,153.12 1 1
lami/app/features/users/business/usecase.go:144.25,146.3 1 1
lami/app/features/users/business/usecase.go:146.8,148.3 1 1
lami/app/features/users/business/usecase.go:150.16,152.3 1 1
lami/app/features/users/business/usecase.go:156.112,161.2 4 1
lami/app/features/users/business/usecase.go:163.63,168.128 2 1
lami/app/features/users/business/usecase.go:172.2,173.27 2 1
lami/app/features/users/business/usecase.go:177.2,178.26 2 1
lami/app/features/users/business/usecase.go:182.2,187.12 4 1
lami/app/features/users/business/usecase.go:168.128,170.3 1 1
lami/app/features/users/business/usecase.go:173.27,175.3 1 1
lami/app/features/users/business/usecase.go:178.26,180.3 1 1
lami/app/features/users/business/usecase.go:190.63,204.16 11 1
lami/app/features/users/business/usecase.go:208.2,208.12 1 1
lami/app/features/users/business/usecase.go:204.16,206.3 1 1
lami/app/features/users/business/validation.go:10.48,14.14 3 1
lami/app/features/users/business/validation.go:17.2,17.12 1 1
lami/app/features/users/business/validation.go:14.14,16.3 1 1
lami/app/features/users/business/validation.go:20.48,24.14 3 1
lami/app/features/users/business/validation.go:27.2,27.12 1 1
lami/app/features/users/business/validation.go:24.14,26.3 1 1
lami/app/features/users/business/validation.go:30.46,34.14 3 1
lami/app/features/users/business/validation.go:37.2,37.12 1 1
lami/app/features/users/business/validation.go:34.14,36.3 1 1
lami/app/features/users/business/validation.go:40.46,44.14 3 1
lami/app/features/users/business/validation.go:47.2,47.12 1 1
lami/app/features/users/business/validation.go:44.14,46.3 1 1
lami/app/features/users/business/validation.go:50.159,53.32 2 1
lami/app/features/users/business/validation.go:58.2,59.27 2 1
lami/app/features/users/business/validation.go:72.2,72.24 1 1
lami/app/features/users/business/validation.go:53.32,55.3 1 1
lami/app/features/users/business/validation.go:59.27,61.3 1 1
